InnoDB: The first specified data file .\ibdata1 did not exist:
InnoDB: a new database to be created!
180110 16:36:01  InnoDB: Setting file .\ibdata1 size to 10 MB
InnoDB: Database physically writes the file full: wait...
180110 16:36:02  InnoDB: Log file .\ib_logfile0 did not exist: new to be created
InnoDB: Setting log file .\ib_logfile0 size to 24 MB
InnoDB: Database physically writes the file full: wait...
180110 16:36:02  InnoDB: Log file .\ib_logfile1 did not exist: new to be created
InnoDB: Setting log file .\ib_logfile1 size to 24 MB
InnoDB: Database physically writes the file full: wait...
InnoDB: Doublewrite buffer not found: creating new
InnoDB: Doublewrite buffer created
InnoDB: Creating foreign key constraint system tables
InnoDB: Foreign key constraint system tables created
180110 16:36:03  InnoDB: Started; log sequence number 0 0
180110 16:36:03 [Note] C:\Program Files (x86)\MySQL\MySQL Server 5.0\bin\mysqld-nt: ready for connections.
Version: '5.0.22-community-nt'  socket: ''  port: 3306  MySQL Community Edition (GPL)
180111 17:44:37 [Note] C:\Program Files (x86)\MySQL\MySQL Server 5.0\bin\mysqld-nt: Normal shutdown

180111 17:44:37  InnoDB: Starting shutdown...
180111 17:44:41  InnoDB: Shutdown completed; log sequence number 0 407137
180111 17:44:41 [Note] C:\Program Files (x86)\MySQL\MySQL Server 5.0\bin\mysqld-nt: Shutdown complete

180111 17:45:43  InnoDB: Started; log sequence number 0 407137
180111 17:45:46 [Note] C:\Program Files (x86)\MySQL\MySQL Server 5.0\bin\mysqld-nt: ready for connections.
Version: '5.0.22-community-nt'  socket: ''  port: 3306  MySQL Community Edition (GPL)
180112 17:41:36 [Note] C:\Program Files (x86)\MySQL\MySQL Server 5.0\bin\mysqld-nt: Normal shutdown

180112 17:41:36  InnoDB: Starting shutdown...
180112 17:41:40  InnoDB: Shutdown completed; log sequence number 0 407137
180112 17:41:40 [Note] C:\Program Files (x86)\MySQL\MySQL Server 5.0\bin\mysqld-nt: Shutdown complete

180112 17:42:31  InnoDB: Started; log sequence number 0 407137
180112 17:42:33 [Note] C:\Program Files (x86)\MySQL\MySQL Server 5.0\bin\mysqld-nt: ready for connections.
Version: '5.0.22-community-nt'  socket: ''  port: 3306  MySQL Community Edition (GPL)
180222 12:10:52 [Note] C:\Program Files (x86)\MySQL\MySQL Server 5.0\bin\mysqld-nt: Normal shutdown

180222 12:10:53  InnoDB: Starting shutdown...
180222 12:10:57  InnoDB: Shutdown completed; log sequence number 0 409347
180222 12:10:57 [Note] C:\Program Files (x86)\MySQL\MySQL Server 5.0\bin\mysqld-nt: Shutdown complete

180222 12:11:59  InnoDB: Started; log sequence number 0 409347
180222 12:12:05 [Note] C:\Program Files (x86)\MySQL\MySQL Server 5.0\bin\mysqld-nt: ready for connections.
Version: '5.0.22-community-nt'  socket: ''  port: 3306  MySQL Community Edition (GPL)
180321 20:48:17 [Note] C:\Program Files (x86)\MySQL\MySQL Server 5.0\bin\mysqld-nt: Normal shutdown

180321 20:48:18  InnoDB: Starting shutdown...
180321 20:48:21  InnoDB: Shutdown completed; log sequence number 0 488995
180321 20:48:21 [Note] C:\Program Files (x86)\MySQL\MySQL Server 5.0\bin\mysqld-nt: Shutdown complete

180321 20:49:07  InnoDB: Started; log sequence number 0 488995
180321 20:49:08 [Note] C:\Program Files (x86)\MySQL\MySQL Server 5.0\bin\mysqld-nt: ready for connections.
Version: '5.0.22-community-nt'  socket: ''  port: 3306  MySQL Community Edition (GPL)
